Determining if the pthread_create exist failed with the following output:
Change Dir: /home/shivam/catkin_ws/src/gplanner/CMakeFiles/CMakeTmp

Run Build Command:"/usr/bin/make" "cmTryCompileExec3252946946/fast"
/usr/bin/make -f CMakeFiles/cmTryCompileExec3252946946.dir/build.make CMakeFiles/cmTryCompileExec3252946946.dir/build
make[1]: Entering directory `/home/shivam/catkin_ws/src/gplanner/CMakeFiles/CMakeTmp'
/usr/bin/cmake -E cmake_progress_report /home/shivam/catkin_ws/src/gplanner/CMakeFiles/CMakeTmp/CMakeFiles 1
Building C object CMakeFiles/cmTryCompileExec3252946946.dir/CheckSymbolExists.c.o
/usr/bin/cc    -o CMakeFiles/cmTryCompileExec3252946946.dir/CheckSymbolExists.c.o   -c /home/shivam/catkin_ws/src/gplanner/CMakeFiles/CMakeTmp/CheckSymbolExists.c
Linking C executable cmTryCompileExec3252946946
/usr/bin/cmake -E cmake_link_script CMakeFiles/cmTryCompileExec3252946946.dir/link.txt --verbose=1
/usr/bin/cc       CMakeFiles/cmTryCompileExec3252946946.dir/CheckSymbolExists.c.o  -o cmTryCompileExec3252946946 -rdynamic 
CMakeFiles/cmTryCompileExec3252946946.dir/CheckSymbolExists.c.o: In function `main':
CheckSymbolExists.c:(.text+0x16): undefined reference to `pthread_create'
collect2: error: ld returned 1 exit status
make[1]: *** [cmTryCompileExec3252946946] Error 1
make[1]: Leaving directory `/home/shivam/catkin_ws/src/gplanner/CMakeFiles/CMakeTmp'
make: *** [cmTryCompileExec3252946946/fast] Error 2

File /home/shivam/catkin_ws/src/gplanner/CMakeFiles/CMakeTmp/CheckSymbolExists.c:
/* */
#include <pthread.h>

int main(int argc, char** argv)
{
  (void)argv;
#ifndef pthread_create
  return ((int*)(&pthread_create))[argc];
#else
  (void)argc;
  return 0;
#endif
}

Determining if the function pthread_create exists in the pthreads failed with the following output:
Change Dir: /home/shivam/catkin_ws/src/gplanner/CMakeFiles/CMakeTmp

Run Build Command:"/usr/bin/make" "cmTryCompileExec4167937874/fast"
/usr/bin/make -f CMakeFiles/cmTryCompileExec4167937874.dir/build.make CMakeFiles/cmTryCompileExec4167937874.dir/build
make[1]: Entering directory `/home/shivam/catkin_ws/src/gplanner/CMakeFiles/CMakeTmp'
/usr/bin/cmake -E cmake_progress_report /home/shivam/catkin_ws/src/gplanner/CMakeFiles/CMakeTmp/CMakeFiles 1
Building C object CMakeFiles/cmTryCompileExec4167937874.dir/CheckFunctionExists.c.o
/usr/bin/cc   -DCHECK_FUNCTION_EXISTS=pthread_create   -o CMakeFiles/cmTryCompileExec4167937874.dir/CheckFunctionExists.c.o   -c /usr/share/cmake-3.2/Modules/CheckFunctionExists.c
Linking C executable cmTryCompileExec4167937874
/usr/bin/cmake -E cmake_link_script CMakeFiles/cmTryCompileExec4167937874.dir/link.txt --verbose=1
/usr/bin/cc   -DCHECK_FUNCTION_EXISTS=pthread_create    CMakeFiles/cmTryCompileExec4167937874.dir/CheckFunctionExists.c.o  -o cmTryCompileExec4167937874 -rdynamic -lpthreads 
/usr/bin/ld: cannot find -lpthreads
collect2: error: ld returned 1 exit status
make[1]: *** [cmTryCompileExec4167937874] Error 1
make[1]: Leaving directory `/home/shivam/catkin_ws/src/gplanner/CMakeFiles/CMakeTmp'
make: *** [cmTryCompileExec4167937874/fast] Error 2


